[2021-09-07 11:10:42,348] DEBUG preRegister called. Server=com.sun.jmx.mbeanserver.JmxMBeanServer@30b8a058, name=log4j:logger=kafka.controller (kafka.controller)
[2021-09-07 11:13:12,768] DEBUG preRegister called. Server=com.sun.jmx.mbeanserver.JmxMBeanServer@30b8a058, name=log4j:logger=kafka.controller (kafka.controller)
[2021-09-07 11:13:21,503] INFO [ControllerEventThread controllerId=0] Starting (kafka.controller.ControllerEventManager$ControllerEventThread)
[2021-09-07 11:13:21,523] INFO [Controller id=0] 0 successfully elected as the controller. Epoch incremented to 11 and epoch zk version is now 11 (kafka.controller.KafkaController)
[2021-09-07 11:13:21,523] INFO [Controller id=0] Registering handlers (kafka.controller.KafkaController)
[2021-09-07 11:13:21,526] INFO [Controller id=0] Deleting log dir event notifications (kafka.controller.KafkaController)
[2021-09-07 11:13:21,528] INFO [Controller id=0] Deleting isr change notifications (kafka.controller.KafkaController)
[2021-09-07 11:13:21,530] INFO [Controller id=0] Initializing controller context (kafka.controller.KafkaController)
[2021-09-07 11:13:21,541] INFO [Controller id=0] Initialized broker epochs cache: Map(0 -> 181) (kafka.controller.KafkaController)
[2021-09-07 11:13:21,549] DEBUG [Controller id=0] Register BrokerModifications handler for Set(0) (kafka.controller.KafkaController)
[2021-09-07 11:13:21,564] DEBUG [Channel manager on controller 0]: Controller 0 trying to connect to broker 0 (kafka.controller.ControllerChannelManager)
[2021-09-07 11:13:21,576] INFO [RequestSendThread controllerId=0] Starting (kafka.controller.RequestSendThread)
[2021-09-07 11:13:21,578] INFO [Controller id=0] Partitions being reassigned: Map() (kafka.controller.KafkaController)
[2021-09-07 11:13:21,579] INFO [Controller id=0] Currently active brokers in the cluster: Set(0) (kafka.controller.KafkaController)
[2021-09-07 11:13:21,579] INFO [Controller id=0] Currently shutting brokers in the cluster: Set() (kafka.controller.KafkaController)
[2021-09-07 11:13:21,579] INFO [Controller id=0] Current list of topics in the cluster: Set(Basketball) (kafka.controller.KafkaController)
[2021-09-07 11:13:21,579] INFO [Controller id=0] Fetching topic deletions in progress (kafka.controller.KafkaController)
[2021-09-07 11:13:21,584] INFO [Controller id=0] List of topics to be deleted:  (kafka.controller.KafkaController)
[2021-09-07 11:13:21,584] INFO [Controller id=0] List of topics ineligible for deletion:  (kafka.controller.KafkaController)
[2021-09-07 11:13:21,585] INFO [Controller id=0] Initializing topic deletion manager (kafka.controller.KafkaController)
[2021-09-07 11:13:21,586] INFO [Topic Deletion Manager 0] Initializing manager with initial deletions: Set(), initial ineligible deletions: Set() (kafka.controller.TopicDeletionManager)
[2021-09-07 11:13:21,586] INFO [Controller id=0] Sending update metadata request (kafka.controller.KafkaController)
[2021-09-07 11:13:21,593] INFO [ReplicaStateMachine controllerId=0] Initializing replica state (kafka.controller.ZkReplicaStateMachine)
[2021-09-07 11:13:21,599] INFO [ReplicaStateMachine controllerId=0] Triggering online replica state changes (kafka.controller.ZkReplicaStateMachine)
[2021-09-07 11:13:21,601] INFO [RequestSendThread controllerId=0] Controller 0 connected to 10.0.0.155:9092 (id: 0 rack: null) for sending state change requests (kafka.controller.RequestSendThread)
[2021-09-07 11:13:21,620] INFO [ReplicaStateMachine controllerId=0] Triggering offline replica state changes (kafka.controller.ZkReplicaStateMachine)
[2021-09-07 11:13:21,621] DEBUG [ReplicaStateMachine controllerId=0] Started replica state machine with initial state -> Map([Topic=Basketball,Partition=0,Replica=0] -> OnlineReplica) (kafka.controller.ZkReplicaStateMachine)
[2021-09-07 11:13:21,621] INFO [PartitionStateMachine controllerId=0] Initializing partition state (kafka.controller.ZkPartitionStateMachine)
[2021-09-07 11:13:21,622] INFO [PartitionStateMachine controllerId=0] Triggering online partition state changes (kafka.controller.ZkPartitionStateMachine)
[2021-09-07 11:13:21,624] DEBUG [PartitionStateMachine controllerId=0] Started partition state machine with initial state -> Map(Basketball-0 -> OnlinePartition) (kafka.controller.ZkPartitionStateMachine)
[2021-09-07 11:13:21,625] INFO [Controller id=0] Ready to serve as the new controller with epoch 11 (kafka.controller.KafkaController)
[2021-09-07 11:13:21,626] INFO [Controller id=0] Removing partitions Set() from the list of reassigned partitions in zookeeper (kafka.controller.KafkaController)
[2021-09-07 11:13:21,627] INFO [Controller id=0] No more partitions need to be reassigned. Deleting zk path /admin/reassign_partitions (kafka.controller.KafkaController)
[2021-09-07 11:13:21,630] INFO [Controller id=0] Partitions undergoing preferred replica election:  (kafka.controller.KafkaController)
[2021-09-07 11:13:21,630] INFO [Controller id=0] Partitions that completed preferred replica election:  (kafka.controller.KafkaController)
[2021-09-07 11:13:21,630] INFO [Controller id=0] Skipping preferred replica election for partitions due to topic deletion:  (kafka.controller.KafkaController)
[2021-09-07 11:13:21,631] INFO [Controller id=0] Resuming preferred replica election for partitions:  (kafka.controller.KafkaController)
[2021-09-07 11:13:21,632] INFO [Controller id=0] Starting preferred replica leader election for partitions  (kafka.controller.KafkaController)
[2021-09-07 11:13:21,647] INFO [Controller id=0] Starting the controller scheduler (kafka.controller.KafkaController)
[2021-09-07 11:13:26,651] INFO [Controller id=0] Processing automatic preferred replica leader election (kafka.controller.KafkaController)
[2021-09-07 11:13:26,652] TRACE [Controller id=0] Checking need to trigger auto leader balancing (kafka.controller.KafkaController)
[2021-09-07 11:13:26,656] DEBUG [Controller id=0] Preferred replicas by broker Map(0 -> Map(Basketball-0 -> Vector(0))) (kafka.controller.KafkaController)
[2021-09-07 11:13:26,659] DEBUG [Controller id=0] Topics not in preferred replica for broker 0 Map() (kafka.controller.KafkaController)
[2021-09-07 11:13:26,662] TRACE [Controller id=0] Leader imbalance ratio for broker 0 is 0.0 (kafka.controller.KafkaController)
[2021-09-07 11:16:28,876] INFO [Controller id=0] Shutting down broker 0 (kafka.controller.KafkaController)
[2021-09-07 11:16:28,876] DEBUG [Controller id=0] All shutting down brokers: 0 (kafka.controller.KafkaController)
[2021-09-07 11:16:28,877] DEBUG [Controller id=0] Live brokers:  (kafka.controller.KafkaController)
[2021-09-07 11:16:28,883] TRACE [Controller id=0] All leaders = Basketball-0 -> (Leader:0,ISR:0,LeaderEpoch:0,ControllerEpoch:5) (kafka.controller.KafkaController)
[2021-09-07 11:16:29,689] INFO [ControllerEventThread controllerId=0] Shutting down (kafka.controller.ControllerEventManager$ControllerEventThread)
[2021-09-07 11:16:29,690] INFO [ControllerEventThread controllerId=0] Stopped (kafka.controller.ControllerEventManager$ControllerEventThread)
[2021-09-07 11:16:29,690] INFO [ControllerEventThread controllerId=0] Shutdown completed (kafka.controller.ControllerEventManager$ControllerEventThread)
[2021-09-07 11:16:29,691] DEBUG [Controller id=0] Resigning (kafka.controller.KafkaController)
[2021-09-07 11:16:29,691] DEBUG [Controller id=0] Unregister BrokerModifications handler for Set(0) (kafka.controller.KafkaController)
[2021-09-07 11:16:29,692] INFO [PartitionStateMachine controllerId=0] Stopped partition state machine (kafka.controller.ZkPartitionStateMachine)
[2021-09-07 11:16:29,693] INFO [ReplicaStateMachine controllerId=0] Stopped replica state machine (kafka.controller.ZkReplicaStateMachine)
[2021-09-07 11:16:29,694] INFO [RequestSendThread controllerId=0] Shutting down (kafka.controller.RequestSendThread)
[2021-09-07 11:16:29,694] INFO [RequestSendThread controllerId=0] Shutdown completed (kafka.controller.RequestSendThread)
[2021-09-07 11:16:29,694] INFO [RequestSendThread controllerId=0] Stopped (kafka.controller.RequestSendThread)
[2021-09-07 11:16:29,697] INFO [Controller id=0] Resigned (kafka.controller.KafkaController)
[2021-09-07 11:16:39,773] INFO [ControllerEventThread controllerId=0] Starting (kafka.controller.ControllerEventManager$ControllerEventThread)
[2021-09-07 11:16:39,792] INFO [Controller id=0] 0 successfully elected as the controller. Epoch incremented to 12 and epoch zk version is now 12 (kafka.controller.KafkaController)
[2021-09-07 11:16:39,792] INFO [Controller id=0] Registering handlers (kafka.controller.KafkaController)
[2021-09-07 11:16:39,795] INFO [Controller id=0] Deleting log dir event notifications (kafka.controller.KafkaController)
[2021-09-07 11:16:39,797] INFO [Controller id=0] Deleting isr change notifications (kafka.controller.KafkaController)
[2021-09-07 11:16:39,799] INFO [Controller id=0] Initializing controller context (kafka.controller.KafkaController)
[2021-09-07 11:16:39,808] INFO [Controller id=0] Initialized broker epochs cache: Map(0 -> 200) (kafka.controller.KafkaController)
[2021-09-07 11:16:39,815] DEBUG [Controller id=0] Register BrokerModifications handler for Set(0) (kafka.controller.KafkaController)
[2021-09-07 11:16:39,829] DEBUG [Channel manager on controller 0]: Controller 0 trying to connect to broker 0 (kafka.controller.ControllerChannelManager)
[2021-09-07 11:16:39,843] INFO [RequestSendThread controllerId=0] Starting (kafka.controller.RequestSendThread)
[2021-09-07 11:16:39,845] INFO [Controller id=0] Partitions being reassigned: Map() (kafka.controller.KafkaController)
[2021-09-07 11:16:39,846] INFO [Controller id=0] Currently active brokers in the cluster: Set(0) (kafka.controller.KafkaController)
[2021-09-07 11:16:39,846] INFO [Controller id=0] Currently shutting brokers in the cluster: Set() (kafka.controller.KafkaController)
[2021-09-07 11:16:39,847] INFO [Controller id=0] Current list of topics in the cluster: Set(Basketball) (kafka.controller.KafkaController)
[2021-09-07 11:16:39,847] INFO [Controller id=0] Fetching topic deletions in progress (kafka.controller.KafkaController)
[2021-09-07 11:16:39,852] INFO [Controller id=0] List of topics to be deleted:  (kafka.controller.KafkaController)
[2021-09-07 11:16:39,852] INFO [Controller id=0] List of topics ineligible for deletion:  (kafka.controller.KafkaController)
[2021-09-07 11:16:39,852] INFO [Controller id=0] Initializing topic deletion manager (kafka.controller.KafkaController)
[2021-09-07 11:16:39,852] INFO [Topic Deletion Manager 0] Initializing manager with initial deletions: Set(), initial ineligible deletions: Set() (kafka.controller.TopicDeletionManager)
[2021-09-07 11:16:39,854] INFO [Controller id=0] Sending update metadata request (kafka.controller.KafkaController)
[2021-09-07 11:16:39,861] INFO [ReplicaStateMachine controllerId=0] Initializing replica state (kafka.controller.ZkReplicaStateMachine)
[2021-09-07 11:16:39,865] INFO [ReplicaStateMachine controllerId=0] Triggering online replica state changes (kafka.controller.ZkReplicaStateMachine)
[2021-09-07 11:16:39,869] INFO [RequestSendThread controllerId=0] Controller 0 connected to 10.0.0.155:9092 (id: 0 rack: null) for sending state change requests (kafka.controller.RequestSendThread)
[2021-09-07 11:16:39,882] INFO [ReplicaStateMachine controllerId=0] Triggering offline replica state changes (kafka.controller.ZkReplicaStateMachine)
[2021-09-07 11:16:39,883] DEBUG [ReplicaStateMachine controllerId=0] Started replica state machine with initial state -> Map([Topic=Basketball,Partition=0,Replica=0] -> OnlineReplica) (kafka.controller.ZkReplicaStateMachine)
[2021-09-07 11:16:39,884] INFO [PartitionStateMachine controllerId=0] Initializing partition state (kafka.controller.ZkPartitionStateMachine)
[2021-09-07 11:16:39,887] INFO [PartitionStateMachine controllerId=0] Triggering online partition state changes (kafka.controller.ZkPartitionStateMachine)
[2021-09-07 11:16:39,888] DEBUG [PartitionStateMachine controllerId=0] Started partition state machine with initial state -> Map(Basketball-0 -> OnlinePartition) (kafka.controller.ZkPartitionStateMachine)
[2021-09-07 11:16:39,888] INFO [Controller id=0] Ready to serve as the new controller with epoch 12 (kafka.controller.KafkaController)
[2021-09-07 11:16:39,890] INFO [Controller id=0] Removing partitions Set() from the list of reassigned partitions in zookeeper (kafka.controller.KafkaController)
[2021-09-07 11:16:39,890] INFO [Controller id=0] No more partitions need to be reassigned. Deleting zk path /admin/reassign_partitions (kafka.controller.KafkaController)
[2021-09-07 11:16:39,894] INFO [Controller id=0] Partitions undergoing preferred replica election:  (kafka.controller.KafkaController)
[2021-09-07 11:16:39,894] INFO [Controller id=0] Partitions that completed preferred replica election:  (kafka.controller.KafkaController)
[2021-09-07 11:16:39,894] INFO [Controller id=0] Skipping preferred replica election for partitions due to topic deletion:  (kafka.controller.KafkaController)
[2021-09-07 11:16:39,895] INFO [Controller id=0] Resuming preferred replica election for partitions:  (kafka.controller.KafkaController)
[2021-09-07 11:16:39,896] INFO [Controller id=0] Starting preferred replica leader election for partitions  (kafka.controller.KafkaController)
[2021-09-07 11:16:39,905] INFO [Controller id=0] Starting the controller scheduler (kafka.controller.KafkaController)
[2021-09-07 11:16:44,916] INFO [Controller id=0] Processing automatic preferred replica leader election (kafka.controller.KafkaController)
[2021-09-07 11:16:44,917] TRACE [Controller id=0] Checking need to trigger auto leader balancing (kafka.controller.KafkaController)
[2021-09-07 11:16:44,921] DEBUG [Controller id=0] Preferred replicas by broker Map(0 -> Map(Basketball-0 -> Vector(0))) (kafka.controller.KafkaController)
[2021-09-07 11:16:44,925] DEBUG [Controller id=0] Topics not in preferred replica for broker 0 Map() (kafka.controller.KafkaController)
[2021-09-07 11:16:44,927] TRACE [Controller id=0] Leader imbalance ratio for broker 0 is 0.0 (kafka.controller.KafkaController)
[2021-09-07 11:21:44,928] INFO [Controller id=0] Processing automatic preferred replica leader election (kafka.controller.KafkaController)
[2021-09-07 11:21:44,929] TRACE [Controller id=0] Checking need to trigger auto leader balancing (kafka.controller.KafkaController)
[2021-09-07 11:21:44,930] DEBUG [Controller id=0] Preferred replicas by broker Map(0 -> Map(Basketball-0 -> Vector(0))) (kafka.controller.KafkaController)
[2021-09-07 11:21:44,930] DEBUG [Controller id=0] Topics not in preferred replica for broker 0 Map() (kafka.controller.KafkaController)
[2021-09-07 11:21:44,930] TRACE [Controller id=0] Leader imbalance ratio for broker 0 is 0.0 (kafka.controller.KafkaController)
[2021-09-07 11:26:44,943] INFO [Controller id=0] Processing automatic preferred replica leader election (kafka.controller.KafkaController)
[2021-09-07 11:26:44,943] TRACE [Controller id=0] Checking need to trigger auto leader balancing (kafka.controller.KafkaController)
[2021-09-07 11:26:44,944] DEBUG [Controller id=0] Preferred replicas by broker Map(0 -> Map(Basketball-0 -> Vector(0))) (kafka.controller.KafkaController)
[2021-09-07 11:26:44,944] DEBUG [Controller id=0] Topics not in preferred replica for broker 0 Map() (kafka.controller.KafkaController)
[2021-09-07 11:26:44,944] TRACE [Controller id=0] Leader imbalance ratio for broker 0 is 0.0 (kafka.controller.KafkaController)
[2021-09-07 11:31:44,946] INFO [Controller id=0] Processing automatic preferred replica leader election (kafka.controller.KafkaController)
[2021-09-07 11:31:44,946] TRACE [Controller id=0] Checking need to trigger auto leader balancing (kafka.controller.KafkaController)
[2021-09-07 11:31:44,947] DEBUG [Controller id=0] Preferred replicas by broker Map(0 -> Map(Basketball-0 -> Vector(0))) (kafka.controller.KafkaController)
[2021-09-07 11:31:44,947] DEBUG [Controller id=0] Topics not in preferred replica for broker 0 Map() (kafka.controller.KafkaController)
[2021-09-07 11:31:44,947] TRACE [Controller id=0] Leader imbalance ratio for broker 0 is 0.0 (kafka.controller.KafkaController)
[2021-09-07 11:36:44,956] INFO [Controller id=0] Processing automatic preferred replica leader election (kafka.controller.KafkaController)
[2021-09-07 11:36:44,956] TRACE [Controller id=0] Checking need to trigger auto leader balancing (kafka.controller.KafkaController)
[2021-09-07 11:36:44,956] DEBUG [Controller id=0] Preferred replicas by broker Map(0 -> Map(Basketball-0 -> Vector(0))) (kafka.controller.KafkaController)
[2021-09-07 11:36:44,956] DEBUG [Controller id=0] Topics not in preferred replica for broker 0 Map() (kafka.controller.KafkaController)
[2021-09-07 11:36:44,956] TRACE [Controller id=0] Leader imbalance ratio for broker 0 is 0.0 (kafka.controller.KafkaController)
[2021-09-07 11:41:31,796] INFO [Controller id=0] Shutting down broker 0 (kafka.controller.KafkaController)
[2021-09-07 11:41:31,796] DEBUG [Controller id=0] All shutting down brokers: 0 (kafka.controller.KafkaController)
[2021-09-07 11:41:31,797] DEBUG [Controller id=0] Live brokers:  (kafka.controller.KafkaController)
[2021-09-07 11:41:31,802] TRACE [Controller id=0] All leaders = Basketball-0 -> (Leader:0,ISR:0,LeaderEpoch:0,ControllerEpoch:5) (kafka.controller.KafkaController)
[2021-09-07 11:41:32,862] INFO [ControllerEventThread controllerId=0] Shutting down (kafka.controller.ControllerEventManager$ControllerEventThread)
[2021-09-07 11:41:32,863] INFO [ControllerEventThread controllerId=0] Stopped (kafka.controller.ControllerEventManager$ControllerEventThread)
[2021-09-07 11:41:32,863] INFO [ControllerEventThread controllerId=0] Shutdown completed (kafka.controller.ControllerEventManager$ControllerEventThread)
[2021-09-07 11:41:32,863] DEBUG [Controller id=0] Resigning (kafka.controller.KafkaController)
[2021-09-07 11:41:32,864] DEBUG [Controller id=0] Unregister BrokerModifications handler for Set(0) (kafka.controller.KafkaController)
[2021-09-07 11:41:32,865] INFO [PartitionStateMachine controllerId=0] Stopped partition state machine (kafka.controller.ZkPartitionStateMachine)
[2021-09-07 11:41:32,867] INFO [ReplicaStateMachine controllerId=0] Stopped replica state machine (kafka.controller.ZkReplicaStateMachine)
[2021-09-07 11:41:32,867] INFO [RequestSendThread controllerId=0] Shutting down (kafka.controller.RequestSendThread)
[2021-09-07 11:41:32,868] INFO [RequestSendThread controllerId=0] Stopped (kafka.controller.RequestSendThread)
[2021-09-07 11:41:32,868] INFO [RequestSendThread controllerId=0] Shutdown completed (kafka.controller.RequestSendThread)
[2021-09-07 11:41:32,870] INFO [Controller id=0] Resigned (kafka.controller.KafkaController)
[2021-09-07 11:41:51,460] INFO [ControllerEventThread controllerId=0] Starting (kafka.controller.ControllerEventManager$ControllerEventThread)
[2021-09-07 11:41:51,477] INFO [Controller id=0] 0 successfully elected as the controller. Epoch incremented to 13 and epoch zk version is now 13 (kafka.controller.KafkaController)
[2021-09-07 11:41:51,477] INFO [Controller id=0] Registering handlers (kafka.controller.KafkaController)
[2021-09-07 11:41:51,480] INFO [Controller id=0] Deleting log dir event notifications (kafka.controller.KafkaController)
[2021-09-07 11:41:51,483] INFO [Controller id=0] Deleting isr change notifications (kafka.controller.KafkaController)
[2021-09-07 11:41:51,484] INFO [Controller id=0] Initializing controller context (kafka.controller.KafkaController)
[2021-09-07 11:41:51,495] INFO [Controller id=0] Initialized broker epochs cache: Map(0 -> 219) (kafka.controller.KafkaController)
[2021-09-07 11:41:51,503] DEBUG [Controller id=0] Register BrokerModifications handler for Set(0) (kafka.controller.KafkaController)
[2021-09-07 11:41:51,518] DEBUG [Channel manager on controller 0]: Controller 0 trying to connect to broker 0 (kafka.controller.ControllerChannelManager)
[2021-09-07 11:41:51,532] INFO [RequestSendThread controllerId=0] Starting (kafka.controller.RequestSendThread)
[2021-09-07 11:41:51,533] INFO [Controller id=0] Partitions being reassigned: Map() (kafka.controller.KafkaController)
[2021-09-07 11:41:51,534] INFO [Controller id=0] Currently active brokers in the cluster: Set(0) (kafka.controller.KafkaController)
[2021-09-07 11:41:51,534] INFO [Controller id=0] Currently shutting brokers in the cluster: Set() (kafka.controller.KafkaController)
[2021-09-07 11:41:51,534] INFO [Controller id=0] Current list of topics in the cluster: Set(Basketball) (kafka.controller.KafkaController)
[2021-09-07 11:41:51,535] INFO [Controller id=0] Fetching topic deletions in progress (kafka.controller.KafkaController)
[2021-09-07 11:41:51,540] INFO [Controller id=0] List of topics to be deleted:  (kafka.controller.KafkaController)
[2021-09-07 11:41:51,541] INFO [Controller id=0] List of topics ineligible for deletion:  (kafka.controller.KafkaController)
[2021-09-07 11:41:51,541] INFO [Controller id=0] Initializing topic deletion manager (kafka.controller.KafkaController)
[2021-09-07 11:41:51,542] INFO [Topic Deletion Manager 0] Initializing manager with initial deletions: Set(), initial ineligible deletions: Set() (kafka.controller.TopicDeletionManager)
[2021-09-07 11:41:51,542] INFO [Controller id=0] Sending update metadata request (kafka.controller.KafkaController)
[2021-09-07 11:41:51,551] INFO [ReplicaStateMachine controllerId=0] Initializing replica state (kafka.controller.ZkReplicaStateMachine)
[2021-09-07 11:41:51,557] INFO [ReplicaStateMachine controllerId=0] Triggering online replica state changes (kafka.controller.ZkReplicaStateMachine)
[2021-09-07 11:41:51,559] INFO [RequestSendThread controllerId=0] Controller 0 connected to 10.0.0.155:9092 (id: 0 rack: null) for sending state change requests (kafka.controller.RequestSendThread)
[2021-09-07 11:41:51,575] INFO [ReplicaStateMachine controllerId=0] Triggering offline replica state changes (kafka.controller.ZkReplicaStateMachine)
[2021-09-07 11:41:51,575] DEBUG [ReplicaStateMachine controllerId=0] Started replica state machine with initial state -> Map([Topic=Basketball,Partition=0,Replica=0] -> OnlineReplica) (kafka.controller.ZkReplicaStateMachine)
[2021-09-07 11:41:51,575] INFO [PartitionStateMachine controllerId=0] Initializing partition state (kafka.controller.ZkPartitionStateMachine)
[2021-09-07 11:41:51,578] INFO [PartitionStateMachine controllerId=0] Triggering online partition state changes (kafka.controller.ZkPartitionStateMachine)
[2021-09-07 11:41:51,579] DEBUG [PartitionStateMachine controllerId=0] Started partition state machine with initial state -> Map(Basketball-0 -> OnlinePartition) (kafka.controller.ZkPartitionStateMachine)
[2021-09-07 11:41:51,580] INFO [Controller id=0] Ready to serve as the new controller with epoch 13 (kafka.controller.KafkaController)
[2021-09-07 11:41:51,581] INFO [Controller id=0] Removing partitions Set() from the list of reassigned partitions in zookeeper (kafka.controller.KafkaController)
[2021-09-07 11:41:51,582] INFO [Controller id=0] No more partitions need to be reassigned. Deleting zk path /admin/reassign_partitions (kafka.controller.KafkaController)
[2021-09-07 11:41:51,585] INFO [Controller id=0] Partitions undergoing preferred replica election:  (kafka.controller.KafkaController)
[2021-09-07 11:41:51,585] INFO [Controller id=0] Partitions that completed preferred replica election:  (kafka.controller.KafkaController)
[2021-09-07 11:41:51,586] INFO [Controller id=0] Skipping preferred replica election for partitions due to topic deletion:  (kafka.controller.KafkaController)
[2021-09-07 11:41:51,586] INFO [Controller id=0] Resuming preferred replica election for partitions:  (kafka.controller.KafkaController)
[2021-09-07 11:41:51,587] INFO [Controller id=0] Starting preferred replica leader election for partitions  (kafka.controller.KafkaController)
[2021-09-07 11:41:51,604] INFO [Controller id=0] Starting the controller scheduler (kafka.controller.KafkaController)
[2021-09-07 11:41:56,613] INFO [Controller id=0] Processing automatic preferred replica leader election (kafka.controller.KafkaController)
[2021-09-07 11:41:56,613] TRACE [Controller id=0] Checking need to trigger auto leader balancing (kafka.controller.KafkaController)
[2021-09-07 11:41:56,616] DEBUG [Controller id=0] Preferred replicas by broker Map(0 -> Map(Basketball-0 -> Vector(0))) (kafka.controller.KafkaController)
[2021-09-07 11:41:56,618] DEBUG [Controller id=0] Topics not in preferred replica for broker 0 Map() (kafka.controller.KafkaController)
[2021-09-07 11:41:56,619] TRACE [Controller id=0] Leader imbalance ratio for broker 0 is 0.0 (kafka.controller.KafkaController)
[2021-09-07 11:44:14,765] INFO [Controller id=0] New topics: [Set(test)], deleted topics: [Set()], new partition replica assignment [Map(test-0 -> Vector(0))] (kafka.controller.KafkaController)
[2021-09-07 11:44:14,765] INFO [Controller id=0] New partition creation callback for test-0 (kafka.controller.KafkaController)
[2021-09-07 11:46:56,629] INFO [Controller id=0] Processing automatic preferred replica leader election (kafka.controller.KafkaController)
[2021-09-07 11:46:56,629] TRACE [Controller id=0] Checking need to trigger auto leader balancing (kafka.controller.KafkaController)
[2021-09-07 11:46:56,630] DEBUG [Controller id=0] Preferred replicas by broker Map(0 -> Map(Basketball-0 -> Vector(0), test-0 -> Vector(0))) (kafka.controller.KafkaController)
[2021-09-07 11:46:56,630] DEBUG [Controller id=0] Topics not in preferred replica for broker 0 Map() (kafka.controller.KafkaController)
[2021-09-07 11:46:56,630] TRACE [Controller id=0] Leader imbalance ratio for broker 0 is 0.0 (kafka.controller.KafkaController)
[2021-09-07 11:51:56,633] INFO [Controller id=0] Processing automatic preferred replica leader election (kafka.controller.KafkaController)
[2021-09-07 11:51:56,633] TRACE [Controller id=0] Checking need to trigger auto leader balancing (kafka.controller.KafkaController)
[2021-09-07 11:51:56,634] DEBUG [Controller id=0] Preferred replicas by broker Map(0 -> Map(Basketball-0 -> Vector(0), test-0 -> Vector(0))) (kafka.controller.KafkaController)
[2021-09-07 11:51:56,635] DEBUG [Controller id=0] Topics not in preferred replica for broker 0 Map() (kafka.controller.KafkaController)
[2021-09-07 11:51:56,635] TRACE [Controller id=0] Leader imbalance ratio for broker 0 is 0.0 (kafka.controller.KafkaController)
[2021-09-07 11:56:56,644] INFO [Controller id=0] Processing automatic preferred replica leader election (kafka.controller.KafkaController)
[2021-09-07 11:56:56,644] TRACE [Controller id=0] Checking need to trigger auto leader balancing (kafka.controller.KafkaController)
[2021-09-07 11:56:56,645] DEBUG [Controller id=0] Preferred replicas by broker Map(0 -> Map(Basketball-0 -> Vector(0), test-0 -> Vector(0))) (kafka.controller.KafkaController)
[2021-09-07 11:56:56,645] DEBUG [Controller id=0] Topics not in preferred replica for broker 0 Map() (kafka.controller.KafkaController)
[2021-09-07 11:56:56,645] TRACE [Controller id=0] Leader imbalance ratio for broker 0 is 0.0 (kafka.controller.KafkaController)
[2021-09-07 12:01:56,653] INFO [Controller id=0] Processing automatic preferred replica leader election (kafka.controller.KafkaController)
[2021-09-07 12:24:53,503] TRACE [Controller id=0] Checking need to trigger auto leader balancing (kafka.controller.KafkaController)
[2021-09-07 12:24:53,504] DEBUG [Controller id=0] Preferred replicas by broker Map(0 -> Map(Basketball-0 -> Vector(0), test-0 -> Vector(0))) (kafka.controller.KafkaController)
[2021-09-07 12:24:53,504] DEBUG [Controller id=0] Topics not in preferred replica for broker 0 Map() (kafka.controller.KafkaController)
[2021-09-07 12:24:53,504] TRACE [Controller id=0] Leader imbalance ratio for broker 0 is 0.0 (kafka.controller.KafkaController)
[2021-09-07 12:29:53,520] INFO [Controller id=0] Processing automatic preferred replica leader election (kafka.controller.KafkaController)
[2021-09-07 12:29:53,520] TRACE [Controller id=0] Checking need to trigger auto leader balancing (kafka.controller.KafkaController)
[2021-09-07 12:29:53,521] DEBUG [Controller id=0] Preferred replicas by broker Map(0 -> Map(Basketball-0 -> Vector(0), test-0 -> Vector(0))) (kafka.controller.KafkaController)
[2021-09-07 12:29:53,521] DEBUG [Controller id=0] Topics not in preferred replica for broker 0 Map() (kafka.controller.KafkaController)
[2021-09-07 12:29:53,521] TRACE [Controller id=0] Leader imbalance ratio for broker 0 is 0.0 (kafka.controller.KafkaController)
[2021-09-07 12:34:53,536] INFO [Controller id=0] Processing automatic preferred replica leader election (kafka.controller.KafkaController)
[2021-09-07 12:34:53,536] TRACE [Controller id=0] Checking need to trigger auto leader balancing (kafka.controller.KafkaController)
[2021-09-07 12:34:53,536] DEBUG [Controller id=0] Preferred replicas by broker Map(0 -> Map(Basketball-0 -> Vector(0), test-0 -> Vector(0))) (kafka.controller.KafkaController)
[2021-09-07 12:34:53,537] DEBUG [Controller id=0] Topics not in preferred replica for broker 0 Map() (kafka.controller.KafkaController)
[2021-09-07 12:34:53,537] TRACE [Controller id=0] Leader imbalance ratio for broker 0 is 0.0 (kafka.controller.KafkaController)
[2021-09-07 12:39:53,538] INFO [Controller id=0] Processing automatic preferred replica leader election (kafka.controller.KafkaController)
[2021-09-07 12:39:53,538] TRACE [Controller id=0] Checking need to trigger auto leader balancing (kafka.controller.KafkaController)
[2021-09-07 12:39:53,539] DEBUG [Controller id=0] Preferred replicas by broker Map(0 -> Map(Basketball-0 -> Vector(0), test-0 -> Vector(0))) (kafka.controller.KafkaController)
[2021-09-07 12:39:53,539] DEBUG [Controller id=0] Topics not in preferred replica for broker 0 Map() (kafka.controller.KafkaController)
[2021-09-07 12:39:53,539] TRACE [Controller id=0] Leader imbalance ratio for broker 0 is 0.0 (kafka.controller.KafkaController)
[2021-09-07 12:44:53,548] INFO [Controller id=0] Processing automatic preferred replica leader election (kafka.controller.KafkaController)
[2021-09-07 12:44:53,549] TRACE [Controller id=0] Checking need to trigger auto leader balancing (kafka.controller.KafkaController)
[2021-09-07 12:44:53,550] DEBUG [Controller id=0] Preferred replicas by broker Map(0 -> Map(Basketball-0 -> Vector(0), test-0 -> Vector(0))) (kafka.controller.KafkaController)
[2021-09-07 12:44:53,550] DEBUG [Controller id=0] Topics not in preferred replica for broker 0 Map() (kafka.controller.KafkaController)
[2021-09-07 12:44:53,550] TRACE [Controller id=0] Leader imbalance ratio for broker 0 is 0.0 (kafka.controller.KafkaController)
[2021-09-07 12:49:53,559] INFO [Controller id=0] Processing automatic preferred replica leader election (kafka.controller.KafkaController)
[2021-09-07 12:49:53,560] TRACE [Controller id=0] Checking need to trigger auto leader balancing (kafka.controller.KafkaController)
[2021-09-07 12:49:53,560] DEBUG [Controller id=0] Preferred replicas by broker Map(0 -> Map(Basketball-0 -> Vector(0), test-0 -> Vector(0))) (kafka.controller.KafkaController)
[2021-09-07 12:49:53,560] DEBUG [Controller id=0] Topics not in preferred replica for broker 0 Map() (kafka.controller.KafkaController)
[2021-09-07 12:49:53,560] TRACE [Controller id=0] Leader imbalance ratio for broker 0 is 0.0 (kafka.controller.KafkaController)
[2021-09-07 12:54:53,569] INFO [Controller id=0] Processing automatic preferred replica leader election (kafka.controller.KafkaController)
[2021-09-07 12:54:53,570] TRACE [Controller id=0] Checking need to trigger auto leader balancing (kafka.controller.KafkaController)
[2021-09-07 12:54:53,570] DEBUG [Controller id=0] Preferred replicas by broker Map(0 -> Map(Basketball-0 -> Vector(0), test-0 -> Vector(0))) (kafka.controller.KafkaController)
[2021-09-07 12:54:53,570] DEBUG [Controller id=0] Topics not in preferred replica for broker 0 Map() (kafka.controller.KafkaController)
[2021-09-07 12:54:53,570] TRACE [Controller id=0] Leader imbalance ratio for broker 0 is 0.0 (kafka.controller.KafkaController)
[2021-09-07 12:59:53,574] INFO [Controller id=0] Processing automatic preferred replica leader election (kafka.controller.KafkaController)
[2021-09-07 12:59:53,574] TRACE [Controller id=0] Checking need to trigger auto leader balancing (kafka.controller.KafkaController)
[2021-09-07 12:59:53,575] DEBUG [Controller id=0] Preferred replicas by broker Map(0 -> Map(Basketball-0 -> Vector(0), test-0 -> Vector(0))) (kafka.controller.KafkaController)
[2021-09-07 12:59:53,576] DEBUG [Controller id=0] Topics not in preferred replica for broker 0 Map() (kafka.controller.KafkaController)
[2021-09-07 12:59:53,576] TRACE [Controller id=0] Leader imbalance ratio for broker 0 is 0.0 (kafka.controller.KafkaController)
[2021-09-07 13:04:53,587] INFO [Controller id=0] Processing automatic preferred replica leader election (kafka.controller.KafkaController)
[2021-09-07 13:04:53,594] TRACE [Controller id=0] Checking need to trigger auto leader balancing (kafka.controller.KafkaController)
[2021-09-07 13:04:53,594] DEBUG [Controller id=0] Preferred replicas by broker Map(0 -> Map(Basketball-0 -> Vector(0), test-0 -> Vector(0))) (kafka.controller.KafkaController)
[2021-09-07 13:04:53,595] DEBUG [Controller id=0] Topics not in preferred replica for broker 0 Map() (kafka.controller.KafkaController)
[2021-09-07 13:04:53,595] TRACE [Controller id=0] Leader imbalance ratio for broker 0 is 0.0 (kafka.controller.KafkaController)
[2021-09-07 13:09:53,597] INFO [Controller id=0] Processing automatic preferred replica leader election (kafka.controller.KafkaController)
[2021-09-07 13:09:53,597] TRACE [Controller id=0] Checking need to trigger auto leader balancing (kafka.controller.KafkaController)
[2021-09-07 13:09:53,597] DEBUG [Controller id=0] Preferred replicas by broker Map(0 -> Map(Basketball-0 -> Vector(0), test-0 -> Vector(0))) (kafka.controller.KafkaController)
[2021-09-07 13:09:53,597] DEBUG [Controller id=0] Topics not in preferred replica for broker 0 Map() (kafka.controller.KafkaController)
[2021-09-07 13:09:53,597] TRACE [Controller id=0] Leader imbalance ratio for broker 0 is 0.0 (kafka.controller.KafkaController)
[2021-09-07 13:14:53,600] INFO [Controller id=0] Processing automatic preferred replica leader election (kafka.controller.KafkaController)
[2021-09-07 13:14:53,600] TRACE [Controller id=0] Checking need to trigger auto leader balancing (kafka.controller.KafkaController)
[2021-09-07 13:14:53,601] DEBUG [Controller id=0] Preferred replicas by broker Map(0 -> Map(Basketball-0 -> Vector(0), test-0 -> Vector(0))) (kafka.controller.KafkaController)
[2021-09-07 13:14:53,601] DEBUG [Controller id=0] Topics not in preferred replica for broker 0 Map() (kafka.controller.KafkaController)
[2021-09-07 13:14:53,601] TRACE [Controller id=0] Leader imbalance ratio for broker 0 is 0.0 (kafka.controller.KafkaController)
[2021-09-07 13:19:53,609] INFO [Controller id=0] Processing automatic preferred replica leader election (kafka.controller.KafkaController)
[2021-09-07 13:19:53,609] TRACE [Controller id=0] Checking need to trigger auto leader balancing (kafka.controller.KafkaController)
[2021-09-07 13:19:53,609] DEBUG [Controller id=0] Preferred replicas by broker Map(0 -> Map(Basketball-0 -> Vector(0), test-0 -> Vector(0))) (kafka.controller.KafkaController)
[2021-09-07 13:19:53,609] DEBUG [Controller id=0] Topics not in preferred replica for broker 0 Map() (kafka.controller.KafkaController)
[2021-09-07 13:19:53,609] TRACE [Controller id=0] Leader imbalance ratio for broker 0 is 0.0 (kafka.controller.KafkaController)
