[2021-09-01 10:53:18,422] INFO Starting the log cleaner (kafka.log.LogCleaner)
[2021-09-01 10:53:18,468] INFO [kafka-log-cleaner-thread-0]: Starting (kafka.log.LogCleaner)
[2021-09-02 16:43:09,584] INFO Starting the log cleaner (kafka.log.LogCleaner)
[2021-09-02 16:43:09,630] INFO [kafka-log-cleaner-thread-0]: Starting (kafka.log.LogCleaner)
[2021-09-02 16:46:22,410] INFO Shutting down the log cleaner. (kafka.log.LogCleaner)
[2021-09-02 16:46:22,411] INFO [kafka-log-cleaner-thread-0]: Shutting down (kafka.log.LogCleaner)
[2021-09-02 16:46:22,411] INFO [kafka-log-cleaner-thread-0]: Stopped (kafka.log.LogCleaner)
[2021-09-02 16:46:22,411] INFO [kafka-log-cleaner-thread-0]: Shutdown completed (kafka.log.LogCleaner)
[2021-09-02 16:47:45,236] INFO Starting the log cleaner (kafka.log.LogCleaner)
[2021-09-02 16:47:45,284] INFO [kafka-log-cleaner-thread-0]: Starting (kafka.log.LogCleaner)
[2021-09-02 16:47:55,805] INFO Shutting down the log cleaner. (kafka.log.LogCleaner)
[2021-09-02 16:47:55,806] INFO [kafka-log-cleaner-thread-0]: Shutting down (kafka.log.LogCleaner)
[2021-09-02 16:47:55,806] INFO [kafka-log-cleaner-thread-0]: Stopped (kafka.log.LogCleaner)
[2021-09-02 16:47:55,806] INFO [kafka-log-cleaner-thread-0]: Shutdown completed (kafka.log.LogCleaner)
[2021-09-02 16:48:49,145] INFO Starting the log cleaner (kafka.log.LogCleaner)
[2021-09-02 16:48:49,208] INFO [kafka-log-cleaner-thread-0]: Starting (kafka.log.LogCleaner)
[2021-09-02 16:59:06,313] INFO Shutting down the log cleaner. (kafka.log.LogCleaner)
[2021-09-02 16:59:06,314] INFO [kafka-log-cleaner-thread-0]: Shutting down (kafka.log.LogCleaner)
[2021-09-02 16:59:06,315] INFO [kafka-log-cleaner-thread-0]: Stopped (kafka.log.LogCleaner)
[2021-09-02 16:59:06,315] INFO [kafka-log-cleaner-thread-0]: Shutdown completed (kafka.log.LogCleaner)
[2021-09-02 16:59:14,545] INFO Starting the log cleaner (kafka.log.LogCleaner)
[2021-09-02 16:59:14,595] INFO [kafka-log-cleaner-thread-0]: Starting (kafka.log.LogCleaner)
[2021-09-02 17:44:13,309] INFO Shutting down the log cleaner. (kafka.log.LogCleaner)
[2021-09-02 17:44:13,312] INFO [kafka-log-cleaner-thread-0]: Shutting down (kafka.log.LogCleaner)
[2021-09-02 17:44:13,312] INFO [kafka-log-cleaner-thread-0]: Stopped (kafka.log.LogCleaner)
[2021-09-02 17:44:13,312] INFO [kafka-log-cleaner-thread-0]: Shutdown completed (kafka.log.LogCleaner)
[2021-09-02 17:50:09,821] INFO Starting the log cleaner (kafka.log.LogCleaner)
[2021-09-02 17:50:09,882] INFO [kafka-log-cleaner-thread-0]: Starting (kafka.log.LogCleaner)
[2021-09-03 11:25:06,048] INFO Shutting down the log cleaner. (kafka.log.LogCleaner)
[2021-09-03 11:25:06,049] INFO [kafka-log-cleaner-thread-0]: Shutting down (kafka.log.LogCleaner)
[2021-09-03 11:25:06,050] INFO [kafka-log-cleaner-thread-0]: Stopped (kafka.log.LogCleaner)
[2021-09-03 11:25:06,050] INFO [kafka-log-cleaner-thread-0]: Shutdown completed (kafka.log.LogCleaner)
[2021-09-03 11:25:24,742] INFO Starting the log cleaner (kafka.log.LogCleaner)
[2021-09-03 11:25:24,790] INFO [kafka-log-cleaner-thread-0]: Starting (kafka.log.LogCleaner)
[2021-09-03 14:48:45,381] INFO Shutting down the log cleaner. (kafka.log.LogCleaner)
[2021-09-03 14:48:45,385] INFO [kafka-log-cleaner-thread-0]: Shutting down (kafka.log.LogCleaner)
[2021-09-03 14:48:45,386] INFO [kafka-log-cleaner-thread-0]: Stopped (kafka.log.LogCleaner)
[2021-09-03 14:48:45,387] INFO [kafka-log-cleaner-thread-0]: Shutdown completed (kafka.log.LogCleaner)
[2021-09-07 11:13:21,068] INFO Starting the log cleaner (kafka.log.LogCleaner)
[2021-09-07 11:13:21,122] INFO [kafka-log-cleaner-thread-0]: Starting (kafka.log.LogCleaner)
[2021-09-07 11:16:29,666] INFO Shutting down the log cleaner. (kafka.log.LogCleaner)
[2021-09-07 11:16:29,666] INFO [kafka-log-cleaner-thread-0]: Shutting down (kafka.log.LogCleaner)
[2021-09-07 11:16:29,666] INFO [kafka-log-cleaner-thread-0]: Stopped (kafka.log.LogCleaner)
[2021-09-07 11:16:29,667] INFO [kafka-log-cleaner-thread-0]: Shutdown completed (kafka.log.LogCleaner)
[2021-09-07 11:16:39,355] INFO Starting the log cleaner (kafka.log.LogCleaner)
[2021-09-07 11:16:39,410] INFO [kafka-log-cleaner-thread-0]: Starting (kafka.log.LogCleaner)
[2021-09-07 11:41:32,835] INFO Shutting down the log cleaner. (kafka.log.LogCleaner)
[2021-09-07 11:41:32,836] INFO [kafka-log-cleaner-thread-0]: Shutting down (kafka.log.LogCleaner)
[2021-09-07 11:41:32,836] INFO [kafka-log-cleaner-thread-0]: Stopped (kafka.log.LogCleaner)
[2021-09-07 11:41:32,836] INFO [kafka-log-cleaner-thread-0]: Shutdown completed (kafka.log.LogCleaner)
[2021-09-07 11:41:51,026] INFO Starting the log cleaner (kafka.log.LogCleaner)
[2021-09-07 11:41:51,079] INFO [kafka-log-cleaner-thread-0]: Starting (kafka.log.LogCleaner)
